  Entity.cpp
E:\!PROGRAMMING PROJECTS\Comp-Sci-Casino\Capstone Project\Player.h(6,1): error C2504:  'Entity': base class undefined
E:\!PROGRAMMING PROJECTS\Comp-Sci-Casino\Capstone Project\Monster.h(12,1): error C2504:  'Entity': base class undefined
E:\!PROGRAMMING PROJECTS\Comp-Sci-Casino\Capstone Project\Entity.cpp(3,56): error C2572:  'Entity::Entity': redefinition of default argument: parameter 1
  Game.cpp
E:\!PROGRAMMING PROJECTS\Comp-Sci-Casino\Capstone Project\Entity.h(26): message :  see declaration of 'Entity::Entity'
E:\!PROGRAMMING PROJECTS\Comp-Sci-Casino\Capstone Project\Game.cpp(131,1): error C2512:  'Player': no appropriate default constructor available
  Item.cpp
E:\!PROGRAMMING PROJECTS\Comp-Sci-Casino\Capstone Project\Player.h(5,7): message :  see declaration of 'Player'
E:\!PROGRAMMING PROJECTS\Comp-Sci-Casino\Capstone Project\Item.cpp(3,39): error C2572:  'Item::Item': redefinition of default argument: parameter 1
E:\!PROGRAMMING PROJECTS\Comp-Sci-Casino\Capstone Project\Item.h(37): message :  see declaration of 'Item::Item'
E:\!PROGRAMMING PROJECTS\Comp-Sci-Casino\Capstone Project\Item.cpp(3,76): error C2572:  'Item::Item': redefinition of default argument: parameter 2
  Monster.cpp
E:\!PROGRAMMING PROJECTS\Comp-Sci-Casino\Capstone Project\Item.h(37): message :  see declaration of 'Item::Item'
E:\!PROGRAMMING PROJECTS\Comp-Sci-Casino\Capstone Project\Player.h(6,1): error C2504:  'Entity': base class undefined
E:\!PROGRAMMING PROJECTS\Comp-Sci-Casino\Capstone Project\Game.h(11,17): error C3646:  'monster': unknown override specifier
E:\!PROGRAMMING PROJECTS\Comp-Sci-Casino\Capstone Project\Game.h(11,17): error C4430:  missing type specifier - int assumed. Note: C++ does not support default-int
E:\!PROGRAMMING PROJECTS\Comp-Sci-Casino\Capstone Project\Game.h(29,26): error C3646:  'generate_monster': unknown override specifier
E:\!PROGRAMMING PROJECTS\Comp-Sci-Casino\Capstone Project\Game.h(29,26): error C2059:  syntax error: '('
E:\!PROGRAMMING PROJECTS\Comp-Sci-Casino\Capstone Project\Game.h(29,28): error C2238:  unexpected token(s) preceding ';'
E:\!PROGRAMMING PROJECTS\Comp-Sci-Casino\Capstone Project\Game.h(58,9): error C2065:  'Monster': undeclared identifier
E:\!PROGRAMMING PROJECTS\Comp-Sci-Casino\Capstone Project\Game.h(58,16): error C2923:  'std::vector': 'Monster' is not a valid template type argument for parameter '_Ty'
E:\!PROGRAMMING PROJECTS\Comp-Sci-Casino\Capstone Project\Game.h(58,16): error C2903:  'allocator': symbol is neither a class template nor a function template
E:\!PROGRAMMING PROJECTS\Comp-Sci-Casino\Capstone Project\Game.h(58,16): error C3203:  'allocator': unspecialized class template can't be used as a template argument for template parameter '_Alloc', expected a real type
E:\!PROGRAMMING PROJECTS\Comp-Sci-Casino\Capstone Project\Game.h(58,18): error C2923:  'std::vector': 'Monster' is not a valid template type argument for parameter '_Ty'
E:\!PROGRAMMING PROJECTS\Comp-Sci-Casino\Capstone Project\Game.h(58,18): error C2903:  'allocator': symbol is neither a class template nor a function template
E:\!PROGRAMMING PROJECTS\Comp-Sci-Casino\Capstone Project\Game.h(58,18): error C3203:  'allocator': unspecialized class template can't be used as a template argument for template parameter '_Alloc', expected a real type
E:\!PROGRAMMING PROJECTS\Comp-Sci-Casino\Capstone Project\Monster.cpp(18,58): error C2572:  'Monster::Monster': redefinition of default argument: parameter 1
  Player.cpp
E:\!PROGRAMMING PROJECTS\Comp-Sci-Casino\Capstone Project\Monster.h(20): message :  see declaration of 'Monster::Monster'
E:\!PROGRAMMING PROJECTS\Comp-Sci-Casino\Capstone Project\Monster.h(12,1): error C2504:  'Entity': base class undefined
E:\!PROGRAMMING PROJECTS\Comp-Sci-Casino\Capstone Project\Game.h(41,19): error C3646:  'get_player': unknown override specifier
E:\!PROGRAMMING PROJECTS\Comp-Sci-Casino\Capstone Project\Game.h(41,19): error C2059:  syntax error: '('
E:\!PROGRAMMING PROJECTS\Comp-Sci-Casino\Capstone Project\Game.h(41,27): error C2238:  unexpected token(s) preceding ';'
E:\!PROGRAMMING PROJECTS\Comp-Sci-Casino\Capstone Project\Game.h(51,15): error C3646:  'player': unknown override specifier
E:\!PROGRAMMING PROJECTS\Comp-Sci-Casino\Capstone Project\Game.h(51,15): error C4430:  missing type specifier - int assumed. Note: C++ does not support default-int
E:\!PROGRAMMING PROJECTS\Comp-Sci-Casino\Capstone Project\Player.cpp(22,56): error C2572:  'Player::Player': redefinition of default argument: parameter 1
  Generating Code...
E:\!PROGRAMMING PROJECTS\Comp-Sci-Casino\Capstone Project\Player.h(14): message :  see declaration of 'Player::Player'
